Pos : 0 : 
Pos : 1 : a , b , c , 
Pos : 2 : 
Pos : 3 : 
Pos : 4 : 
Pos : 5 : 
Pos : 6 : 
Pos : 7 : 
Pos : 8 : 
Pos : 9 : 
Pos : 10 : 
Pos : 11 : 
Pos : 12 : 
Pos : 13 : 
Pos : 14 : 
Pos : 15 : 
Pos : 16 : 
Pos : 17 : 
Pos : 18 : 
Pos : 19 : 
Pos : 20 : 
Pos : 21 : 
Pos : 22 : 
Pos : 23 : 
Pos : 24 : 
Pos : 25 : 
Pos : 26 : 
Pos : 27 : 
Pos : 28 : 
Pos : 29 : 
Pos : 30 : 
Pos : 31 : 
Pos : 32 : 
Pos : 33 : 
Pos : 34 : "The largest number is: " , 
Pos : 35 : 
Pos : 36 : 
Pos : 37 : 
Pos : 38 : 
Pos : 39 : 
Pos : 40 : 
Pos : 41 : 
Pos : 42 : 
Pos : 43 : 
Pos : 44 : 
Pos : 45 : 
Pos : 46 : 
Pos : 47 : 
Pos : 48 : 
Pos : 49 : 
Pos : 50 : 
Pos : 51 : 
Pos : 52 : larger , 
Pos : 53 : 
Pos : 54 : 
Pos : 55 : 
Pos : 56 : 
Pos : 57 : 
Pos : 58 : 
Pos : 59 : largest , 
Pos : 60 : 
Pos : 61 : 
Pos : 62 : 
Pos : 63 : 
Pos : 64 : 
Pos : 65 : 
Pos : 66 : 
Pos : 67 : 
Pos : 68 : 
Pos : 69 : 
Pos : 70 : 
